<?xml version="1.0" encoding="UTF-8"?>
<!-- Generated by org.testng.reporters.JUnitReportReporter -->
<testsuite hostname="MSI" failures="0" tests="5" name="posthookMockServer.Posthook" time="3.114" errors="0" timestamp="2024-07-15T16:06:32 IST" skipped="4">
  <testcase classname="posthookMockServer.Posthook" name="updateAHook" time="3.114"/>
  <system-out/>
  <testcase classname="posthookMockServer.Posthook" name="deleteAHook">
    <skipped/>
  </testcase> <!-- deleteAHook -->
  <system-out/>
  <testcase classname="posthookMockServer.Posthook" name="scheduleAHook">
    <skipped/>
  </testcase> <!-- scheduleAHook -->
  <system-out/>
  <testcase classname="posthookMockServer.Posthook" name="getHookID">
    <skipped/>
  </testcase> <!-- getHookID -->
  <system-out/>
  <testcase classname="posthookMockServer.Posthook" name="getHooks">
    <skipped/>
  </testcase> <!-- getHooks -->
  <system-out/>
</testsuite> <!-- posthookMockServer.Posthook -->
